<?xml version="1.0" encoding="UTF-8" standalone="no"?><testsuite errors="0" failures="1" name="I am a user and I want to buy a product on Aliexpress." skipped="0" tests="1" time="19.82" timestamp="2024-10-29 04:00:49"><testcase name="Successful buy creation"><failure message="Expected condition failed: waiting for By.xpath: //div[@class='multi--outWrapper--SeJ8lrF multi--hover--1KdttAr card-out-wrapper']//span[@class='image--icon--HQGC-D_'] to be present (tried for 5 second(s) with 100 milliseconds interval)&#10;Build info: version: '4.25.0', revision: '8a8aea2337'&#10;System info: os.name: 'Windows 11', os.arch: 'amd64', os.version: '10.0', java.version: '21.0.4'&#10;Driver info: driver.version: unknown" type="net.thucydides.core.webdriver.exceptions.ElementShouldBePresentException">Expected condition failed: waiting for By.xpath: //div[@class='multi--outWrapper--SeJ8lrF multi--hover--1KdttAr card-out-wrapper']//span[@class='image--icon--HQGC-D_'] to be present (tried for 5 second(s) with 100 milliseconds interval)
Build info: version: '4.25.0', revision: '8a8aea2337'
System info: os.name: 'Windows 11', os.arch: 'amd64', os.version: '10.0', java.version: '21.0.4'
Driver info: driver.version: unknown</failure><system-err>Expected condition failed: waiting for By.xpath: //div[@class='multi--outWrapper--SeJ8lrF multi--hover--1KdttAr card-out-wrapper']//span[@class='image--icon--HQGC-D_'] to be present (tried for 5 second(s) with 100 milliseconds interval)
Build info: version: '4.25.0', revision: '8a8aea2337'
System info: os.name: 'Windows 11', os.arch: 'amd64', os.version: '10.0', java.version: '21.0.4'
Driver info: driver.version: unknown&#13;
co.com.retoaleja.tasks.RegisterProductReto.performAs(RegisterProductReto.java:22)&#13;
co.com.retoaleja.stepdefinitions.RegisterUserStepDefinitions.userInTheHomePage(RegisterUserStepDefinitions.java:25)&#13;
worker.org.gradle.process.internal.worker.GradleWorkerMain.run(GradleWorkerMain.java:69)&#13;
worker.org.gradle.process.internal.worker.GradleWorkerMain.main(GradleWorkerMain.java:74)&#13;
</system-err></testcase></testsuite>